<?xml version="1.0" encoding="UTF-8"?>
<testsuite xmlns:xsi="http://www.w3.org/2001/XMLSchema-instance" xsi:noNamespaceSchemaLocation="https://maven.apache.org/surefire/maven-surefire-plugin/xsd/surefire-test-report-3.0.xsd" version="3.0" name="com.example.demo.WebControllerTest" time="7.328" tests="1" errors="0" skipped="0" failures="0">
  <properties>
[...]
</properties>
  <testcase name="sayHello_ShouldReturnDefaultMessage" classname="com.example.demo.WebControllerTest" time="1.479">
    <system-out><![CDATA[11:22:24.545 [main] INFO org.springframework.test.context.support.AnnotationConfigContextLoaderUtils -- Could not detect default configuration classes for test class [com.example.demo.WebControllerTest]: WebControllerTest does not declare any static, non-private, non-final, nested classes annotated with @Configuration.
11:22:24.831 [main] INFO org.springframework.boot.test.context.SpringBootTestContextBootstrapper -- Found @SpringBootConfiguration com.example.demo.DemoApplication for test class com.example.demo.WebControllerTest

  .   ____          _            __ _ _
 /\\ / ___'_ __ _ _(_)_ __  __ _ \ \ \ \
( ( )\___ | '_ | '_| | '_ \/ _` | \ \ \ \
 \\/  ___)| |_)| | | | | || (_| |  ) ) ) )
  '  |____| .__|_| |_|_| |_\__, | / / / /
 =========|_|==============|___/=/_/_/_/
 :: Spring Boot ::                (v3.1.4)

2024-08-17T11:22:25.838Z  INFO 8631 --- [           main] com.example.demo.WebControllerTest       : Starting WebControllerTest using Java 17.0.12 with PID 8631 (started by root in /var/lib/jenkins/myrepodemos/mydemos/sampleapp)
2024-08-17T11:22:25.840Z  INFO 8631 --- [           main] com.example.demo.WebControllerTest       : No active profile set, falling back to 1 default profile: "default"
2024-08-17T11:22:28.031Z  INFO 8631 --- [           main] o.s.b.w.embedded.tomcat.TomcatWebServer  : Tomcat initialized with port(s): 0 (http)
2024-08-17T11:22:28.052Z  INFO 8631 --- [           main] o.apache.catalina.core.StandardService   : Starting service [Tomcat]
2024-08-17T11:22:28.053Z  INFO 8631 --- [           main] o.apache.catalina.core.StandardEngine    : Starting Servlet engine: [Apache Tomcat/10.1.13]
2024-08-17T11:22:28.403Z  INFO 8631 --- [           main] o.a.c.c.C.[Tomcat].[localhost].[/]       : Initializing Spring embedded WebApplicationContext
2024-08-17T11:22:28.404Z  INFO 8631 --- [           main] w.s.c.ServletWebServerApplicationContext : Root WebApplicationContext: initialization completed in 2519 ms
2024-08-17T11:22:29.302Z DEBUG 8631 --- [           main] s.w.s.m.m.a.RequestMappingHandlerAdapter : ControllerAdvice beans: 0 @ModelAttribute, 0 @InitBinder, 1 RequestBodyAdvice, 1 ResponseBodyAdvice
2024-08-17T11:22:29.390Z  INFO 8631 --- [           main] o.s.b.a.w.s.WelcomePageHandlerMapping    : Adding welcome page: ServletContext resource [/index.html]
2024-08-17T11:22:29.525Z DEBUG 8631 --- [           main] s.w.s.m.m.a.RequestMappingHandlerMapping : 3 mappings in 'requestMappingHandlerMapping'
2024-08-17T11:22:29.564Z DEBUG 8631 --- [           main] o.s.w.s.handler.SimpleUrlHandlerMapping  : Patterns [/webjars/**, /**] in 'resourceHandlerMapping'
2024-08-17T11:22:29.576Z DEBUG 8631 --- [           main] .m.m.a.ExceptionHandlerExceptionResolver : ControllerAdvice beans: 0 @ExceptionHandler, 1 ResponseBodyAdvice
2024-08-17T11:22:29.827Z  INFO 8631 --- [           main] o.s.b.w.embedded.tomcat.TomcatWebServer  : Tomcat started on port(s): 43175 (http) with context path ''
2024-08-17T11:22:29.848Z  INFO 8631 --- [           main] com.example.demo.WebControllerTest       : Started WebControllerTest in 4.69 seconds (process running for 7.132)
2024-08-17T11:22:30.903Z DEBUG 8631 --- [           main] o.s.web.client.RestTemplate              : HTTP GET http://localhost:43175/hello
2024-08-17T11:22:30.923Z DEBUG 8631 --- [           main] o.s.web.client.RestTemplate              : Accept=[text/plain, application/json, application/*+json, */*]
2024-08-17T11:22:31.077Z  INFO 8631 --- [o-auto-1-exec-1] o.a.c.c.C.[Tomcat].[localhost].[/]       : Initializing Spring DispatcherServlet 'dispatcherServlet'
2024-08-17T11:22:31.080Z  INFO 8631 --- [o-auto-1-exec-1] o.s.web.servlet.DispatcherServlet        : Initializing Servlet 'dispatcherServlet'
2024-08-17T11:22:31.081Z DEBUG 8631 --- [o-auto-1-exec-1] o.s.web.servlet.DispatcherServlet        : Detected StandardServletMultipartResolver
2024-08-17T11:22:31.081Z DEBUG 8631 --- [o-auto-1-exec-1] o.s.web.servlet.DispatcherServlet        : Detected AcceptHeaderLocaleResolver
2024-08-17T11:22:31.081Z DEBUG 8631 --- [o-auto-1-exec-1] o.s.web.servlet.DispatcherServlet        : Detected FixedThemeResolver
2024-08-17T11:22:31.082Z DEBUG 8631 --- [o-auto-1-exec-1] o.s.web.servlet.DispatcherServlet        : Detected org.springframework.web.servlet.view.DefaultRequestToViewNameTranslator@ae7df8b
2024-08-17T11:22:31.082Z DEBUG 8631 --- [o-auto-1-exec-1] o.s.web.servlet.DispatcherServlet        : Detected org.springframework.web.servlet.support.SessionFlashMapManager@54ba802
2024-08-17T11:22:31.082Z DEBUG 8631 --- [o-auto-1-exec-1] o.s.web.servlet.DispatcherServlet        : enableLoggingRequestDetails='false': request parameters and headers will be masked to prevent unsafe logging of potentially sensitive data
2024-08-17T11:22:31.082Z  INFO 8631 --- [o-auto-1-exec-1] o.s.web.servlet.DispatcherServlet        : Completed initialization in 2 ms
2024-08-17T11:22:31.100Z DEBUG 8631 --- [o-auto-1-exec-1] o.s.web.servlet.DispatcherServlet        : GET "/hello", parameters={}
2024-08-17T11:22:31.120Z DEBUG 8631 --- [o-auto-1-exec-1] s.w.s.m.m.a.RequestMappingHandlerMapping : Mapped to com.example.demo.WebController#sayHello()
2024-08-17T11:22:31.156Z DEBUG 8631 --- [o-auto-1-exec-1] m.m.a.RequestResponseBodyMethodProcessor : Using 'text/plain', given [text/plain, application/json, application/*+json, */*] and supported [text/plain, */*, application/json, application/*+json]
2024-08-17T11:22:31.157Z DEBUG 8631 --- [o-auto-1-exec-1] m.m.a.RequestResponseBodyMethodProcessor : Writing ["Hello, World!"]
2024-08-17T11:22:31.176Z DEBUG 8631 --- [o-auto-1-exec-1] o.s.web.servlet.DispatcherServlet        : Completed 200 OK
2024-08-17T11:22:31.178Z DEBUG 8631 --- [           main] o.s.web.client.RestTemplate              : Response 200 OK
2024-08-17T11:22:31.180Z DEBUG 8631 --- [           main] o.s.web.client.RestTemplate              : Reading to [java.lang.String] as "text/plain;charset=UTF-8"
]]></system-out>
  </testcase>
</testsuite>